c:\python27\project\nr1023game\proj.win32\debug.win32\gamesence.obj
c:\python27\project\nr1023game\proj.win32\debug.win32\appdelegate.obj
c:\python27\project\nr1023game\proj.win32\debug.win32\helpsence.obj
c:\python27\project\nr1023game\proj.win32\debug.win32\main.obj
c:\python27\project\nr1023game\proj.win32\debug.win32\gamescence.obj
c:\python27\project\nr1023game\proj.win32\debug.win32\helpscence.obj
c:\python27\project\nr1023game\proj.win32\debug.win32\helloworldscene.obj
c:\python27\project\nr1023game\proj.win32\debug.win32\vc120.pdb
c:\python27\project\nr1023game\proj.win32\debug.win32\helpscene.obj
c:\python27\project\nr1023game\proj.win32\debug.win32\gamescene.obj
c:\python27\project\nr1023game\proj.win32\debug.win32\vc120.idb
c:\python27\project\nr1023game\proj.win32\debug.win32\nr1023game.ilk
c:\python27\project\nr1023game\proj.win32\debug.win32\nr1023game.exe
c:\python27\project\nr1023game\proj.win32\debug.win32\nr1023game.pdb
c:\python27\project\nr1023game\proj.win32\debug.win32\nr1023game.lib
c:\python27\project\nr1023game\proj.win32\debug.win32\nr1023game.exp
c:\python27\project\nr1023game\proj.win32\nr1023game.cab
c:\python27\project\nr1023game\proj.win32\debug.win32\game.res
c:\python27\project\nr1023game\proj.win32\debug.win32\nr1023game.tlog\cl.command.1.tlog
c:\python27\project\nr1023game\proj.win32\debug.win32\nr1023game.tlog\cl.read.1.tlog
c:\python27\project\nr1023game\proj.win32\debug.win32\nr1023game.tlog\cl.write.1.tlog
c:\python27\project\nr1023game\proj.win32\debug.win32\nr1023game.tlog\link.command.1.tlog
c:\python27\project\nr1023game\proj.win32\debug.win32\nr1023game.tlog\link.read.1.tlog
c:\python27\project\nr1023game\proj.win32\debug.win32\nr1023game.tlog\link.write.1.tlog
c:\python27\project\nr1023game\proj.win32\debug.win32\nr1023game.tlog\nr1023game.write.1u.tlog
c:\python27\project\nr1023game\proj.win32\debug.win32\nr1023game.tlog\rc.command.1.tlog
c:\python27\project\nr1023game\proj.win32\debug.win32\nr1023game.tlog\rc.read.1.tlog
c:\python27\project\nr1023game\proj.win32\debug.win32\nr1023game.tlog\rc.write.1.tlog
